2022-09-20 11:09:40,396 INFO Starting Nacos v1.4.1 on LAPTOP-65BLI2O6 with PID 15536 (E:\workspace_code4\Java Project\t31\nacos\nacos\target\nacos-server.jar started by 17546 in E:\workspace_code4\Java Project\t31\nacos\nacos\bin)

2022-09-20 11:09:40,396 INFO The following profiles are active: standalone

2022-09-20 11:09:56,536 INFO Bean 'org.springframework.security.access.expression.method.DefaultMethodSecurityExpressionHandler@13d4992d' of type [org.springframework.security.access.expression.method.DefaultMethodSecurityExpressionHandler] is not eligible for getting processed by all BeanPostProcessors (for example: not eligible for auto-proxying)

2022-09-20 11:09:56,546 INFO Bean 'methodSecurityMetadataSource' of type [org.springframework.security.access.method.DelegatingMethodSecurityMetadataSource] is not eligible for getting processed by all BeanPostProcessors (for example: not eligible for auto-proxying)

2022-09-20 11:09:57,875 INFO Tomcat initialized with port(s): 8848 (http)

2022-09-20 11:09:57,926 INFO Starting service [Tomcat]

2022-09-20 11:09:57,926 INFO Starting Servlet engine: [Apache Tomcat/9.0.38]

2022-09-20 11:09:58,655 INFO At least one JAR was scanned for TLDs yet contained no TLDs. Enable debug logging for this logger for a complete list of JARs that were scanned but no TLDs were found in them. Skipping unneeded JARs during scanning can improve startup time and JSP compilation time.

2022-09-20 11:09:58,696 INFO Initializing Spring embedded WebApplicationContext

2022-09-20 11:09:58,696 INFO Root WebApplicationContext: initialization completed in 18071 ms

2022-09-20 11:10:01,256 INFO HikariPool-1 - Starting...

2022-09-20 11:10:01,266 WARN Registered driver with driverClassName=org.apache.derby.jdbc.EmbeddedDriver was not found, trying direct instantiation.

2022-09-20 11:10:02,801 INFO HikariPool-1 - Driver does not support get/set network timeout for connections. (Feature not implemented: No details.)

2022-09-20 11:10:02,826 INFO HikariPool-1 - Start completed.

2022-09-20 11:10:05,936 INFO Nacos-related cluster resource initialization

2022-09-20 11:10:05,946 INFO The cluster resource is initialized

2022-09-20 11:10:06,716 INFO Reflections took 90 ms to scan 1 urls, producing 4 keys and 6 values 

2022-09-20 11:10:06,756 INFO Reflections took 0 ms to scan 1 urls, producing 6 keys and 26 values 

2022-09-20 11:10:06,781 INFO Reflections took 5 ms to scan 1 urls, producing 3 keys and 15 values 

2022-09-20 11:10:06,796 INFO Reflections took 0 ms to scan 1 urls, producing 2 keys and 12 values 

2022-09-20 11:10:08,751 INFO Initializing ExecutorService 'applicationTaskExecutor'

2022-09-20 11:10:08,915 INFO Adding welcome page: class path resource [static/index.html]

2022-09-20 11:10:10,253 INFO Creating filter chain: Ant [pattern='/**'], []

2022-09-20 11:10:10,336 INFO Creating filter chain: any request, [org.springframework.security.web.context.request.async.WebAsyncManagerIntegrationFilter@5a62b2a4, org.springframework.security.web.context.SecurityContextPersistenceFilter@16afbd92, org.springframework.security.web.header.HeaderWriterFilter@76b74e9c, org.springframework.security.web.csrf.CsrfFilter@22c01ab0, org.springframework.security.web.authentication.logout.LogoutFilter@4b4dd216, org.springframework.security.web.savedrequest.RequestCacheAwareFilter@7fe083b1, org.springframework.security.web.servletapi.SecurityContextHolderAwareRequestFilter@f713686, org.springframework.security.web.authentication.AnonymousAuthenticationFilter@1051817b, org.springframework.security.web.session.SessionManagementFilter@8ab78bc, org.springframework.security.web.access.ExceptionTranslationFilter@4c4d362a]

2022-09-20 11:10:10,681 INFO Initializing ExecutorService 'taskScheduler'

2022-09-20 11:10:10,696 INFO Exposing 2 endpoint(s) beneath base path '/actuator'

2022-09-20 11:10:10,896 INFO Tomcat started on port(s): 8848 (http) with context path '/nacos'

2022-09-20 11:10:10,896 INFO Started Nacos in 34.13 seconds (JVM running for 35.481)

2022-09-20 11:10:10,896 INFO Nacos started successfully in stand alone mode. use embedded storage

2022-09-20 11:10:11,066 INFO Initializing Spring DispatcherServlet 'dispatcherServlet'

2022-09-20 11:10:11,066 INFO Initializing Servlet 'dispatcherServlet'

2022-09-20 11:10:11,081 INFO Completed initialization in 15 ms

2022-09-20 11:20:08,571 INFO [capacityManagement] start correct usage

2022-09-20 11:20:08,599 INFO [capacityManagement] end correct usage, cost: 0s

2022-09-20 11:20:08,867 WARN clearConfigHistory start

2022-09-20 11:20:08,883 WARN clearConfigHistory, getBeforeStamp:2022-08-21 11:20:08.0, totalCount:12, pageSize:1000, removeTime:1

2022-09-20 11:30:08,608 INFO [capacityManagement] start correct usage

2022-09-20 11:30:08,609 INFO [capacityManagement] end correct usage, cost: 0s

2022-09-20 11:30:08,988 WARN clearConfigHistory start

2022-09-20 11:30:08,990 WARN clearConfigHistory, getBeforeStamp:2022-08-21 11:30:08.0, totalCount:12, pageSize:1000, removeTime:1

2022-09-20 11:40:08,616 INFO [capacityManagement] start correct usage

2022-09-20 11:40:08,617 INFO [capacityManagement] end correct usage, cost: 0s

2022-09-20 11:40:08,998 WARN clearConfigHistory start

2022-09-20 11:40:08,998 WARN clearConfigHistory, getBeforeStamp:2022-08-21 11:40:08.0, totalCount:12, pageSize:1000, removeTime:1

2022-09-20 11:50:08,628 INFO [capacityManagement] start correct usage

2022-09-20 11:50:08,628 INFO [capacityManagement] end correct usage, cost: 0s

2022-09-20 11:50:09,003 WARN clearConfigHistory start

2022-09-20 11:50:09,004 WARN clearConfigHistory, getBeforeStamp:2022-08-21 11:50:09.0, totalCount:12, pageSize:1000, removeTime:1

2022-09-20 12:00:08,633 INFO [capacityManagement] start correct usage

2022-09-20 12:00:08,634 INFO [capacityManagement] end correct usage, cost: 0s

2022-09-20 12:00:09,012 WARN clearConfigHistory start

2022-09-20 12:00:09,012 WARN clearConfigHistory, getBeforeStamp:2022-08-21 12:00:09.0, totalCount:12, pageSize:1000, removeTime:1

2022-09-20 12:10:08,636 INFO [capacityManagement] start correct usage

2022-09-20 12:10:08,636 INFO [capacityManagement] end correct usage, cost: 0s

2022-09-20 12:10:09,019 WARN clearConfigHistory start

2022-09-20 12:10:09,019 WARN clearConfigHistory, getBeforeStamp:2022-08-21 12:10:09.0, totalCount:12, pageSize:1000, removeTime:1

2022-09-20 12:20:08,643 INFO [capacityManagement] start correct usage

2022-09-20 12:20:08,643 INFO [capacityManagement] end correct usage, cost: 0s

2022-09-20 12:20:09,023 WARN clearConfigHistory start

2022-09-20 12:20:09,023 WARN clearConfigHistory, getBeforeStamp:2022-08-21 12:20:09.0, totalCount:12, pageSize:1000, removeTime:1

2022-09-20 12:30:08,646 INFO [capacityManagement] start correct usage

2022-09-20 12:30:08,647 INFO [capacityManagement] end correct usage, cost: 0s

2022-09-20 12:30:09,034 WARN clearConfigHistory start

2022-09-20 12:30:09,034 WARN clearConfigHistory, getBeforeStamp:2022-08-21 12:30:09.0, totalCount:12, pageSize:1000, removeTime:1

2022-09-20 12:42:47,757 WARN HikariPool-1 - Thread starvation or clock leap detected (housekeeper delta=8m42s79ms655µs800ns).

2022-09-20 12:42:54,729 WARN clearConfigHistory start

2022-09-20 12:42:54,730 WARN clearConfigHistory, getBeforeStamp:2022-08-21 12:42:54.0, totalCount:12, pageSize:1000, removeTime:1

2022-09-20 12:48:20,681 INFO [capacityManagement] start correct usage

2022-09-20 12:48:20,681 INFO [capacityManagement] end correct usage, cost: 0s

2022-09-20 12:52:54,735 WARN clearConfigHistory start

2022-09-20 12:52:54,736 WARN clearConfigHistory, getBeforeStamp:2022-08-21 12:52:54.0, totalCount:12, pageSize:1000, removeTime:1

2022-09-20 12:58:20,686 INFO [capacityManagement] start correct usage

2022-09-20 12:58:20,687 INFO [capacityManagement] end correct usage, cost: 0s

2022-09-20 13:02:19,404 INFO Starting Nacos v1.4.1 on LAPTOP-65BLI2O6 with PID 50172 (E:\workspace_code4\Java Project\t31\nacos\nacos\target\nacos-server.jar started by 17546 in E:\workspace_code4\Java Project\t31\nacos\nacos\bin)

2022-09-20 13:02:19,404 INFO The following profiles are active: standalone

2022-09-20 13:02:40,846 INFO Bean 'org.springframework.security.access.expression.method.DefaultMethodSecurityExpressionHandler@282cb7c7' of type [org.springframework.security.access.expression.method.DefaultMethodSecurityExpressionHandler] is not eligible for getting processed by all BeanPostProcessors (for example: not eligible for auto-proxying)

2022-09-20 13:02:40,857 INFO Bean 'methodSecurityMetadataSource' of type [org.springframework.security.access.method.DelegatingMethodSecurityMetadataSource] is not eligible for getting processed by all BeanPostProcessors (for example: not eligible for auto-proxying)

2022-09-20 13:02:42,769 INFO Tomcat initialized with port(s): 8848 (http)

2022-09-20 13:02:42,827 INFO Starting service [Tomcat]

2022-09-20 13:02:42,827 INFO Starting Servlet engine: [Apache Tomcat/9.0.38]

2022-09-20 13:02:43,644 INFO At least one JAR was scanned for TLDs yet contained no TLDs. Enable debug logging for this logger for a complete list of JARs that were scanned but no TLDs were found in them. Skipping unneeded JARs during scanning can improve startup time and JSP compilation time.

2022-09-20 13:02:43,691 INFO Initializing Spring embedded WebApplicationContext

2022-09-20 13:02:43,691 INFO Root WebApplicationContext: initialization completed in 23962 ms

2022-09-20 13:02:46,968 INFO HikariPool-1 - Starting...

2022-09-20 13:02:46,980 WARN Registered driver with driverClassName=org.apache.derby.jdbc.EmbeddedDriver was not found, trying direct instantiation.

2022-09-20 13:02:48,842 INFO HikariPool-1 - Driver does not support get/set network timeout for connections. (Feature not implemented: No details.)

2022-09-20 13:02:48,862 INFO HikariPool-1 - Start completed.

2022-09-20 13:02:52,103 INFO Nacos-related cluster resource initialization

2022-09-20 13:02:52,123 INFO The cluster resource is initialized

2022-09-20 13:02:52,974 INFO Reflections took 103 ms to scan 1 urls, producing 4 keys and 6 values 

2022-09-20 13:02:53,014 INFO Reflections took 4 ms to scan 1 urls, producing 6 keys and 26 values 

2022-09-20 13:02:53,036 INFO Reflections took 8 ms to scan 1 urls, producing 3 keys and 15 values 

2022-09-20 13:02:53,058 INFO Reflections took 2 ms to scan 1 urls, producing 2 keys and 12 values 

2022-09-20 13:02:55,394 INFO Initializing ExecutorService 'applicationTaskExecutor'

2022-09-20 13:02:55,617 INFO Adding welcome page: class path resource [static/index.html]

2022-09-20 13:02:57,219 INFO Creating filter chain: Ant [pattern='/**'], []

2022-09-20 13:02:57,414 INFO Creating filter chain: any request, [org.springframework.security.web.context.request.async.WebAsyncManagerIntegrationFilter@4d411036, org.springframework.security.web.context.SecurityContextPersistenceFilter@74f7d1d2, org.springframework.security.web.header.HeaderWriterFilter@4c4d362a, org.springframework.security.web.csrf.CsrfFilter@3277e499, org.springframework.security.web.authentication.logout.LogoutFilter@2db2dd9d, org.springframework.security.web.savedrequest.RequestCacheAwareFilter@5ca17ab0, org.springframework.security.web.servletapi.SecurityContextHolderAwareRequestFilter@35293c05, org.springframework.security.web.authentication.AnonymousAuthenticationFilter@7adbd080, org.springframework.security.web.session.SessionManagementFilter@486be205, org.springframework.security.web.access.ExceptionTranslationFilter@22c01ab0]

2022-09-20 13:02:57,876 INFO Initializing ExecutorService 'taskScheduler'

2022-09-20 13:02:57,907 INFO Exposing 2 endpoint(s) beneath base path '/actuator'

2022-09-20 13:02:58,138 INFO Tomcat started on port(s): 8848 (http) with context path '/nacos'

2022-09-20 13:02:58,143 INFO Started Nacos in 45.064 seconds (JVM running for 47.763)

2022-09-20 13:02:58,143 INFO Nacos started successfully in stand alone mode. use embedded storage

2022-09-20 13:02:58,308 INFO Initializing Spring DispatcherServlet 'dispatcherServlet'

2022-09-20 13:02:58,309 INFO Initializing Servlet 'dispatcherServlet'

2022-09-20 13:02:58,323 INFO Completed initialization in 14 ms

2022-09-20 13:12:53,341 INFO [capacityManagement] start correct usage

2022-09-20 13:12:53,384 INFO [capacityManagement] end correct usage, cost: 0s

2022-09-20 13:12:53,668 WARN clearConfigHistory start

2022-09-20 13:12:53,678 WARN clearConfigHistory, getBeforeStamp:2022-08-21 13:12:53.0, totalCount:12, pageSize:1000, removeTime:1

2022-09-20 15:16:27,548 WARN clearConfigHistory start

2022-09-20 15:16:27,548 WARN clearConfigHistory, getBeforeStamp:2022-08-21 15:16:27.0, totalCount:12, pageSize:1000, removeTime:1

2022-09-20 15:16:32,717 WARN HikariPool-1 - Thread starvation or clock leap detected (housekeeper delta=1h55m43s413ms831µs300ns).

2022-09-20 15:18:06,753 INFO [capacityManagement] start correct usage

2022-09-20 15:18:06,753 INFO [capacityManagement] end correct usage, cost: 0s

2022-09-20 15:26:27,561 WARN clearConfigHistory start

2022-09-20 15:26:27,562 WARN clearConfigHistory, getBeforeStamp:2022-08-21 15:26:27.0, totalCount:12, pageSize:1000, removeTime:1

2022-09-20 15:28:06,763 INFO [capacityManagement] start correct usage

2022-09-20 15:28:06,764 INFO [capacityManagement] end correct usage, cost: 0s

2022-09-20 15:36:27,577 WARN clearConfigHistory start

2022-09-20 15:36:27,578 WARN clearConfigHistory, getBeforeStamp:2022-08-21 15:36:27.0, totalCount:12, pageSize:1000, removeTime:1

2022-09-20 15:38:06,769 INFO [capacityManagement] start correct usage

2022-09-20 15:38:06,770 INFO [capacityManagement] end correct usage, cost: 0s

2022-09-20 15:46:27,593 WARN clearConfigHistory start

2022-09-20 15:46:27,594 WARN clearConfigHistory, getBeforeStamp:2022-08-21 15:46:27.0, totalCount:12, pageSize:1000, removeTime:1

2022-09-20 15:48:06,778 INFO [capacityManagement] start correct usage

2022-09-20 15:48:06,778 INFO [capacityManagement] end correct usage, cost: 0s

2022-09-20 15:56:27,607 WARN clearConfigHistory start

2022-09-20 15:56:27,607 WARN clearConfigHistory, getBeforeStamp:2022-08-21 15:56:27.0, totalCount:12, pageSize:1000, removeTime:1

2022-09-20 15:58:06,785 INFO [capacityManagement] start correct usage

2022-09-20 15:58:06,785 INFO [capacityManagement] end correct usage, cost: 0s

2022-09-20 16:06:27,613 WARN clearConfigHistory start

2022-09-20 16:06:27,613 WARN clearConfigHistory, getBeforeStamp:2022-08-21 16:06:27.0, totalCount:12, pageSize:1000, removeTime:1

2022-09-20 16:08:06,800 INFO [capacityManagement] start correct usage

2022-09-20 16:08:06,800 INFO [capacityManagement] end correct usage, cost: 0s

2022-09-20 16:16:27,627 WARN clearConfigHistory start

2022-09-20 16:16:27,627 WARN clearConfigHistory, getBeforeStamp:2022-08-21 16:16:27.0, totalCount:12, pageSize:1000, removeTime:1

2022-09-20 16:18:06,802 INFO [capacityManagement] start correct usage

2022-09-20 16:18:06,802 INFO [capacityManagement] end correct usage, cost: 0s

2022-09-20 16:26:27,635 WARN clearConfigHistory start

2022-09-20 16:26:27,635 WARN clearConfigHistory, getBeforeStamp:2022-08-21 16:26:27.0, totalCount:12, pageSize:1000, removeTime:1

2022-09-20 16:28:06,815 INFO [capacityManagement] start correct usage

2022-09-20 16:28:06,815 INFO [capacityManagement] end correct usage, cost: 0s

2022-09-20 16:36:27,650 WARN clearConfigHistory start

2022-09-20 16:36:27,652 WARN clearConfigHistory, getBeforeStamp:2022-08-21 16:36:27.0, totalCount:12, pageSize:1000, removeTime:1

2022-09-20 16:38:06,829 INFO [capacityManagement] start correct usage

2022-09-20 16:38:06,830 INFO [capacityManagement] end correct usage, cost: 0s

2022-09-20 16:46:27,667 WARN clearConfigHistory start

2022-09-20 16:46:27,668 WARN clearConfigHistory, getBeforeStamp:2022-08-21 16:46:27.0, totalCount:12, pageSize:1000, removeTime:1

2022-09-20 16:48:06,846 INFO [capacityManagement] start correct usage

2022-09-20 16:48:06,846 INFO [capacityManagement] end correct usage, cost: 0s

2022-09-20 16:56:27,674 WARN clearConfigHistory start

2022-09-20 16:56:27,674 WARN clearConfigHistory, getBeforeStamp:2022-08-21 16:56:27.0, totalCount:12, pageSize:1000, removeTime:1

2022-09-20 16:58:06,855 INFO [capacityManagement] start correct usage

2022-09-20 16:58:06,855 INFO [capacityManagement] end correct usage, cost: 0s

2022-09-20 17:06:27,680 WARN clearConfigHistory start

2022-09-20 17:06:27,681 WARN clearConfigHistory, getBeforeStamp:2022-08-21 17:06:27.0, totalCount:12, pageSize:1000, removeTime:1

2022-09-20 17:08:06,858 INFO [capacityManagement] start correct usage

2022-09-20 17:08:06,859 INFO [capacityManagement] end correct usage, cost: 0s

2022-09-20 17:16:27,696 WARN clearConfigHistory start

2022-09-20 17:16:27,696 WARN clearConfigHistory, getBeforeStamp:2022-08-21 17:16:27.0, totalCount:12, pageSize:1000, removeTime:1

2022-09-20 17:18:06,860 INFO [capacityManagement] start correct usage

2022-09-20 17:18:06,860 INFO [capacityManagement] end correct usage, cost: 0s

2022-09-20 17:26:27,699 WARN clearConfigHistory start

2022-09-20 17:26:27,700 WARN clearConfigHistory, getBeforeStamp:2022-08-21 17:26:27.0, totalCount:12, pageSize:1000, removeTime:1

2022-09-20 17:28:06,875 INFO [capacityManagement] start correct usage

2022-09-20 17:28:06,875 INFO [capacityManagement] end correct usage, cost: 0s

2022-09-20 17:36:27,716 WARN clearConfigHistory start

2022-09-20 17:36:27,718 WARN clearConfigHistory, getBeforeStamp:2022-08-21 17:36:27.0, totalCount:12, pageSize:1000, removeTime:1

2022-09-20 17:38:06,891 INFO [capacityManagement] start correct usage

2022-09-20 17:38:06,892 INFO [capacityManagement] end correct usage, cost: 0s

2022-09-20 17:46:27,719 WARN clearConfigHistory start

2022-09-20 17:46:27,719 WARN clearConfigHistory, getBeforeStamp:2022-08-21 17:46:27.0, totalCount:12, pageSize:1000, removeTime:1

2022-09-20 17:48:06,902 INFO [capacityManagement] start correct usage

2022-09-20 17:48:06,903 INFO [capacityManagement] end correct usage, cost: 0s

2022-09-20 17:56:27,730 WARN clearConfigHistory start

2022-09-20 17:56:27,730 WARN clearConfigHistory, getBeforeStamp:2022-08-21 17:56:27.0, totalCount:12, pageSize:1000, removeTime:1

