2022-09-20 11:10:37,396 INFO PERFORMANCE:|1|1|0|-1

2022-09-20 11:15:37,411 INFO PERFORMANCE:|4|4|-1|-1

2022-09-20 11:20:38,917 INFO PERFORMANCE:|4|4|-1|-1

2022-09-20 11:25:38,926 INFO PERFORMANCE:|4|4|-1|-1

2022-09-20 11:30:38,928 INFO PERFORMANCE:|4|4|-1|-1

2022-09-20 11:35:38,942 INFO PERFORMANCE:|4|4|-1|-1

2022-09-20 11:40:38,945 INFO PERFORMANCE:|4|4|-1|-1

2022-09-20 11:45:38,951 INFO PERFORMANCE:|4|4|-1|-1

2022-09-20 11:50:38,958 INFO PERFORMANCE:|4|4|-1|-1

2022-09-20 11:55:38,970 INFO PERFORMANCE:|4|4|-1|-1

2022-09-20 12:00:38,986 INFO PERFORMANCE:|4|4|-1|-1

2022-09-20 12:05:39,004 INFO PERFORMANCE:|4|4|-1|-1

2022-09-20 12:10:39,012 INFO PERFORMANCE:|4|4|-1|-1

2022-09-20 12:15:39,017 INFO PERFORMANCE:|4|4|-1|-1

2022-09-20 12:20:39,019 INFO PERFORMANCE:|4|4|-1|-1

2022-09-20 12:25:39,025 INFO PERFORMANCE:|4|4|-1|-1

2022-09-20 12:30:39,028 INFO PERFORMANCE:|4|4|-1|-1

2022-09-20 12:43:51,066 INFO PERFORMANCE:|4|4|-1|-1

2022-09-20 12:48:51,080 INFO PERFORMANCE:|4|4|-1|-1

2022-09-20 12:53:51,081 INFO PERFORMANCE:|4|4|-1|-1

2022-09-20 12:58:51,087 INFO PERFORMANCE:|4|4|-1|-1

2022-09-20 13:03:23,687 INFO PERFORMANCE:|4|4|-1|-1

2022-09-20 13:08:23,694 INFO PERFORMANCE:|3|3|-1|-1

2022-09-20 13:13:23,708 INFO PERFORMANCE:|4|4|-1|-1

2022-09-20 13:18:23,711 INFO PERFORMANCE:|4|4|-1|-1

2022-09-20 15:18:37,082 INFO PERFORMANCE:|4|4|-1|-1

2022-09-20 15:23:37,094 INFO PERFORMANCE:|4|4|-1|-1

2022-09-20 15:28:37,104 INFO PERFORMANCE:|2|2|-1|-1

2022-09-20 15:33:37,106 INFO PERFORMANCE:|3|3|-1|-1

2022-09-20 15:38:37,120 INFO PERFORMANCE:|4|4|-1|-1

2022-09-20 15:43:37,122 INFO PERFORMANCE:|5|5|-1|-1

2022-09-20 15:48:37,132 INFO PERFORMANCE:|5|5|-1|-1

2022-09-20 15:53:37,146 INFO PERFORMANCE:|5|5|-1|-1

2022-09-20 15:58:37,159 INFO PERFORMANCE:|5|5|-1|-1

2022-09-20 16:03:37,174 INFO PERFORMANCE:|5|5|-1|-1

2022-09-20 16:08:37,177 INFO PERFORMANCE:|5|5|-1|-1

2022-09-20 16:13:37,192 INFO PERFORMANCE:|5|5|-1|-1

2022-09-20 16:18:37,207 INFO PERFORMANCE:|5|4|-1|-1

2022-09-20 16:23:37,218 INFO PERFORMANCE:|5|4|-1|-1

2022-09-20 16:28:37,228 INFO PERFORMANCE:|4|4|-1|-1

2022-09-20 16:33:37,235 INFO PERFORMANCE:|4|4|-1|-1

2022-09-20 16:38:37,242 INFO PERFORMANCE:|5|5|-1|-1

2022-09-20 16:43:37,245 INFO PERFORMANCE:|0|0|-1|-1

2022-09-20 16:48:37,250 INFO PERFORMANCE:|0|0|-1|-1

2022-09-20 16:53:37,266 INFO PERFORMANCE:|0|0|-1|-1

2022-09-20 16:58:37,267 INFO PERFORMANCE:|0|0|-1|-1

2022-09-20 17:03:37,281 INFO PERFORMANCE:|0|0|-1|-1

2022-09-20 17:08:37,288 INFO PERFORMANCE:|0|0|-1|-1

2022-09-20 17:13:37,290 INFO PERFORMANCE:|0|0|-1|-1

2022-09-20 17:18:37,301 INFO PERFORMANCE:|0|0|-1|-1

2022-09-20 17:23:37,309 INFO PERFORMANCE:|0|0|-1|-1

2022-09-20 17:28:37,311 INFO PERFORMANCE:|0|0|-1|-1

2022-09-20 17:33:37,312 INFO PERFORMANCE:|0|0|-1|-1

2022-09-20 17:38:37,314 INFO PERFORMANCE:|0|0|-1|-1

2022-09-20 17:43:37,319 INFO PERFORMANCE:|0|0|-1|-1

2022-09-20 17:48:37,324 INFO PERFORMANCE:|0|0|-1|-1

2022-09-20 17:53:37,329 INFO PERFORMANCE:|0|0|-1|-1

